# JRE version: Java(TM) SE Runtime Environment (8.0_151-b12) (build 1.8.0_151-b12)
# Java VM: Java HotSpot(TM) 64-Bit Server VM (25.151-b12 mixed mode linux-amd64 compressed oops)
Heap:
 PSYoungGen      total 406016K, used 249823K [0x0000000718e00000, 0x0000000736980000, 0x00000007c0000000)
  eden space 391168K, 62% used [0x0000000718e00000,0x0000000727c06e50,0x0000000730c00000)
  from space 14848K, 40% used [0x0000000730c00000,0x00000007311f1190,0x0000000731a80000)
  to   space 14336K, 0% used [0x0000000735b80000,0x0000000735b80000,0x0000000736980000)
 ParOldGen       total 479232K, used 22770K [0x00000005caa00000, 0x00000005e7e00000, 0x0000000718e00000)
  object space 479232K, 4% used [0x00000005caa00000,0x00000005cc03caa8,0x00000005e7e00000)
 Metaspace       used 71241K, capacity 72294K, committed 72536K, reserved 1112064K
  class space    used 8774K, capacity 9011K, committed 9088K, reserved 1048576K
GC Heap History (10 events):
Event: 5.957 GC heap before
{Heap before GC invocations=10 (full 3):
 PSYoungGen      total 269824K, used 257024K [0x0000000718e00000, 0x000000072a700000, 0x00000007c0000000)
  eden space 257024K, 100% used [0x0000000718e00000,0x0000000728900000,0x0000000728900000)
  from space 12800K, 0% used [0x0000000729780000,0x0000000729780000,0x000000072a400000)
  to   space 14848K, 0% used [0x0000000728900000,0x0000000728900000,0x0000000729780000)
 ParOldGen       total 479232K, used 22730K [0x00000005caa00000, 0x00000005e7e00000, 0x0000000718e00000)
  object space 479232K, 4% used [0x00000005caa00000,0x00000005cc032aa8,0x00000005e7e00000)
 Metaspace       used 67043K, capacity 67388K, committed 67800K, reserved 1107968K
  class space    used 8314K, capacity 8424K, committed 8448K, reserved 1048576K
Event: 5.968 GC heap after
Heap after GC invocations=10 (full 3):
 PSYoungGen      total 271872K, used 9041K [0x0000000718e00000, 0x000000072f600000, 0x00000007c0000000)
  eden space 257024K, 0% used [0x0000000718e00000,0x0000000718e00000,0x0000000728900000)
  from space 14848K, 60% used [0x0000000728900000,0x00000007291d4438,0x0000000729780000)
  to   space 14336K, 0% used [0x000000072e800000,0x000000072e800000,0x000000072f600000)
 ParOldGen       total 479232K, used 22738K [0x00000005caa00000, 0x00000005e7e00000, 0x0000000718e00000)
  object space 479232K, 4% used [0x00000005caa00000,0x00000005cc034aa8,0x00000005e7e00000)
 Metaspace       used 67043K, capacity 67388K, committed 67800K, reserved 1107968K
  class space    used 8314K, capacity 8424K, committed 8448K, reserved 1048576K
}
Event: 7.029 GC heap before
{Heap before GC invocations=11 (full 3):
 PSYoungGen      total 271872K, used 266065K [0x0000000718e00000, 0x000000072f600000, 0x00000007c0000000)
  eden space 257024K, 100% used [0x0000000718e00000,0x0000000728900000,0x0000000728900000)
  from space 14848K, 60% used [0x0000000728900000,0x00000007291d4438,0x0000000729780000)
  to   space 14336K, 0% used [0x000000072e800000,0x000000072e800000,0x000000072f600000)
 ParOldGen       total 479232K, used 22738K [0x00000005caa00000, 0x00000005e7e00000, 0x0000000718e00000)
  object space 479232K, 4% used [0x00000005caa00000,0x00000005cc034aa8,0x00000005e7e00000)
 Metaspace       used 67880K, capacity 68258K, committed 68696K, reserved 1110016K
  class space    used 8389K, capacity 8521K, committed 8576K, reserved 1048576K
Event: 7.038 GC heap after
Heap after GC invocations=11 (full 3):
 PSYoungGen      total 345088K, used 5072K [0x0000000718e00000, 0x000000072f200000, 0x00000007c0000000)
  eden space 334848K, 0% used [0x0000000718e00000,0x0000000718e00000,0x000000072d500000)
  from space 10240K, 49% used [0x000000072e800000,0x000000072ecf4388,0x000000072f200000)
  to   space 14848K, 0% used [0x000000072d500000,0x000000072d500000,0x000000072e380000)
 ParOldGen       total 479232K, used 22746K [0x00000005caa00000, 0x00000005e7e00000, 0x0000000718e00000)
  object space 479232K, 4% used [0x00000005caa00000,0x00000005cc036aa8,0x00000005e7e00000)
 Metaspace       used 67880K, capacity 68258K, committed 68696K, reserved 1110016K
  class space    used 8389K, capacity 8521K, committed 8576K, reserved 1048576K
}
Event: 7.930 GC heap before
{Heap before GC invocations=12 (full 3):
 PSYoungGen      total 345088K, used 339920K [0x0000000718e00000, 0x000000072f200000, 0x00000007c0000000)
  eden space 334848K, 100% used [0x0000000718e00000,0x000000072d500000,0x000000072d500000)
  from space 10240K, 49% used [0x000000072e800000,0x000000072ecf4388,0x000000072f200000)
  to   space 14848K, 0% used [0x000000072d500000,0x000000072d500000,0x000000072e380000)
 ParOldGen       total 479232K, used 22746K [0x00000005caa00000, 0x00000005e7e00000, 0x0000000718e00000)
  object space 479232K, 4% used [0x00000005caa00000,0x00000005cc036aa8,0x00000005e7e00000)
 Metaspace       used 69031K, capacity 69438K, committed 69848K, reserved 1110016K
  class space    used 8518K, capacity 8653K, committed 8704K, reserved 1048576K
Event: 7.935 GC heap after
Heap after GC invocations=12 (full 3):
 PSYoungGen      total 349696K, used 6172K [0x0000000718e00000, 0x0000000732900000, 0x00000007c0000000)
  eden space 334848K, 0% used [0x0000000718e00000,0x0000000718e00000,0x000000072d500000)
  from space 14848K, 41% used [0x000000072d500000,0x000000072db07258,0x000000072e380000)
  to   space 14848K, 0% used [0x0000000731a80000,0x0000000731a80000,0x0000000732900000)
 ParOldGen       total 479232K, used 22754K [0x00000005caa00000, 0x00000005e7e00000, 0x0000000718e00000)
  object space 479232K, 4% used [0x00000005caa00000,0x00000005cc038aa8,0x00000005e7e00000)
 Metaspace       used 69031K, capacity 69438K, committed 69848K, reserved 1110016K
  class space    used 8518K, capacity 8653K, committed 8704K, reserved 1048576K
}
Event: 8.582 GC heap before
{Heap before GC invocations=13 (full 3):
 PSYoungGen      total 349696K, used 341020K [0x0000000718e00000, 0x0000000732900000, 0x00000007c0000000)
  eden space 334848K, 100% used [0x0000000718e00000,0x000000072d500000,0x000000072d500000)
  from space 14848K, 41% used [0x000000072d500000,0x000000072db07258,0x000000072e380000)
  to   space 14848K, 0% used [0x0000000731a80000,0x0000000731a80000,0x0000000732900000)
 ParOldGen       total 479232K, used 22754K [0x00000005caa00000, 0x00000005e7e00000, 0x0000000718e00000)
  object space 479232K, 4% used [0x00000005caa00000,0x00000005cc038aa8,0x00000005e7e00000)
 Metaspace       used 69322K, capacity 69698K, committed 70104K, reserved 1110016K
  class space    used 8538K, capacity 8653K, committed 8704K, reserved 1048576K
Event: 8.590 GC heap after
Heap after GC invocations=13 (full 3):
 PSYoungGen      total 406016K, used 5659K [0x0000000718e00000, 0x0000000732c00000, 0x00000007c0000000)
  eden space 391168K, 0% used [0x0000000718e00000,0x0000000718e00000,0x0000000730c00000)
  from space 14848K, 38% used [0x0000000731a80000,0x0000000732006ef0,0x0000000732900000)
  to   space 14848K, 0% used [0x0000000730c00000,0x0000000730c00000,0x0000000731a80000)
 ParOldGen       total 479232K, used 22762K [0x00000005caa00000, 0x00000005e7e00000, 0x0000000718e00000)
  object space 479232K, 4% used [0x00000005caa00000,0x00000005cc03aaa8,0x00000005e7e00000)
 Metaspace       used 69322K, capacity 69698K, committed 70104K, reserved 1110016K
  class space    used 8538K, capacity 8653K, committed 8704K, reserved 1048576K
}
Event: 9.559 GC heap before
{Heap before GC invocations=14 (full 3):
 PSYoungGen      total 406016K, used 396827K [0x0000000718e00000, 0x0000000732c00000, 0x00000007c0000000)
  eden space 391168K, 100% used [0x0000000718e00000,0x0000000730c00000,0x0000000730c00000)
  from space 14848K, 38% used [0x0000000731a80000,0x0000000732006ef0,0x0000000732900000)
  to   space 14848K, 0% used [0x0000000730c00000,0x0000000730c00000,0x0000000731a80000)
 ParOldGen       total 479232K, used 22762K [0x00000005caa00000, 0x00000005e7e00000, 0x0000000718e00000)
  object space 479232K, 4% used [0x00000005caa00000,0x00000005cc03aaa8,0x00000005e7e00000)
 Metaspace       used 69815K, capacity 70216K, committed 70616K, reserved 1112064K
  class space    used 8580K, capacity 8702K, committed 8704K, reserved 1048576K
Event: 9.567 GC heap after
Heap after GC invocations=14 (full 3):
 PSYoungGen      total 406016K, used 6084K [0x0000000718e00000, 0x0000000736980000, 0x00000007c0000000)
  eden space 391168K, 0% used [0x0000000718e00000,0x0000000718e00000,0x0000000730c00000)
  from space 14848K, 40% used [0x0000000730c00000,0x00000007311f1190,0x0000000731a80000)
  to   space 14336K, 0% used [0x0000000735b80000,0x0000000735b80000,0x0000000736980000)
 ParOldGen       total 479232K, used 22770K [0x00000005caa00000, 0x00000005e7e00000, 0x0000000718e00000)
  object space 479232K, 4% used [0x00000005caa00000,0x00000005cc03caa8,0x00000005e7e00000)
 Metaspace       used 69815K, capacity 70216K, committed 70616K, reserved 1112064K
  class space    used 8580K, capacity 8702K, committed 8704K, reserved 1048576K
}

